<?xml version="1.0" encoding="UTF-8"?>
<!-- Generated by org.testng.reporters.JUnitReportReporter -->
<testsuite hostname="LAPTOP-PUB6F7SM" failures="0" tests="1" name="testClasses.TC1_verifyUsername" time="9.876" errors="0" timestamp="2023-07-01T20:38:44 IST" skipped="0">
  <testcase classname="testClasses.TC1_verifyUsername" name="verifyUserName" time="9.876"/>
  <system-out/>
</testsuite> <!-- testClasses.TC1_verifyUsername -->
